<?xml version="1.0" encoding="UTF-8"?>
<!-- Generated by org.testng.reporters.JUnitReportReporter -->
<testsuite skipped="0" hostname="DESKTOP-V7H90I8" name="com.academy.test.CurrencyTest" tests="3" failures="0" timestamp="03 авг 2018 18:13:23 GMT" time="0.009" errors="0">
  <testcase name="copyConstructorTest" time="0.000" classname="com.academy.test.CurrencyTest"/>
  <testcase name="isEqualTest" time="0.000" classname="com.academy.test.CurrencyTest"/>
  <testcase name="constructorTest" time="0.009" classname="com.academy.test.CurrencyTest"/>
</testsuite> <!-- com.academy.test.CurrencyTest -->
