<?xml version="1.0" encoding="UTF-8"?>
<!-- Generated by org.testng.reporters.JUnitReportReporter -->
<testsuite skipped="0" hostname="DESKTOP-V7H90I8" name="com.academy.test.lesson10.FxValidatorTests" tests="1" failures="0" timestamp="03 авг 2018 18:13:23 GMT" time="0.010" errors="0">
  <testcase name="testPasswordValidator" time="0.010" classname="com.academy.test.lesson10.FxValidatorTests"/>
</testsuite> <!-- com.academy.test.lesson10.FxValidatorTests -->
